<!DOCTYPE html>

<html>
  <head>
  <meta charset='utf-8'>
  <title>TestNG reports</title>

    <link type="text/css" href="testng-reports1.css" rel="stylesheet" id="ultra" />
    <link type="text/css" href="testng-reports.css" rel="stylesheet" id="retro" disabled="false"/>
    <script type="text/javascript" src="jquery-3.6.0.min.js"></script>
    <script type="text/javascript" src="testng-reports.js"></script>
    <script type="text/javascript" src="https://www.google.com/jsapi"></script>
    <script type='text/javascript'>
      google.load('visualization', '1', {packages:['table']});
      google.setOnLoadCallback(drawTable);
      var suiteTableInitFunctions = new Array();
      var suiteTableData = new Array();
    </script>
    <!--
      <script type="text/javascript" src="jquery-ui/js/jquery-ui-1.8.16.custom.min.js"></script>
     -->
  </head>

  <body>    <div class="top-banner-root">
      <span class="top-banner-title-font">Test results</span>
      <button id="button" class="button">Switch Retro Theme</button> <!-- button -->
      <br/>
      <span class="top-banner-font-1">1 suite, 3 failed tests</span>
    </div> <!-- top-banner-root -->
    <div class="navigator-root">
      <div class="navigator-suite-header">
        <span>All suites</span>
        <a href="#" title="Collapse/expand all the suites" class="collapse-all-link">
          <img src="collapseall.gif" class="collapse-all-icon">
          </img> <!-- collapse-all-icon -->
        </a> <!-- collapse-all-link -->
      </div> <!-- navigator-suite-header -->
      <div class="suite">
        <div class="rounded-window">
          <div class="suite-header light-rounded-window-top">
            <a href="#" panel-name="suite-Default_suite" class="navigator-link">
              <span class="suite-name border-failed">Default suite</span>
            </a> <!-- navigator-link -->
          </div> <!-- suite-header light-rounded-window-top -->
          <div class="navigator-suite-content">
            <div class="suite-section-title">
              <span>Info</span>
            </div> <!-- suite-section-title -->
            <div class="suite-section-content">
              <ul>
                <li>
                  <a href="#" panel-name="test-xml-Default_suite" class="navigator-link ">
                    <span>C:\Users\ADMIN\AppData\Local\Temp\testng-eclipse--252445301\testng-customsuite.xml</span>
                  </a> <!-- navigator-link  -->
                </li>
                <li>
                  <a href="#" panel-name="testlist-Default_suite" class="navigator-link ">
                    <span class="test-stats">1 test</span>
                  </a> <!-- navigator-link  -->
                </li>
                <li>
                  <a href="#" panel-name="group-Default_suite" class="navigator-link ">
                    <span>0 groups</span>
                  </a> <!-- navigator-link  -->
                </li>
                <li>
                  <a href="#" panel-name="times-Default_suite" class="navigator-link ">
                    <span>Times</span>
                  </a> <!-- navigator-link  -->
                </li>
                <li>
                  <a href="#" panel-name="reporter-Default_suite" class="navigator-link ">
                    <span>Reporter output</span>
                  </a> <!-- navigator-link  -->
                </li>
                <li>
                  <a href="#" panel-name="ignored-methods-Default_suite" class="navigator-link ">
                    <span>Ignored methods</span>
                  </a> <!-- navigator-link  -->
                </li>
                <li>
                  <a href="#" panel-name="chronological-Default_suite" class="navigator-link ">
                    <span>Chronological view</span>
                  </a> <!-- navigator-link  -->
                </li>
              </ul>
            </div> <!-- suite-section-content -->
            <div class="result-section">
              <div class="suite-section-title">
                <span>Results</span>
              </div> <!-- suite-section-title -->
              <div class="suite-section-content">
                <ul>
                  <li>
                    <span class="method-stats">3 methods, 3 failed,   </span>
                  </li>
                  <li>
                    <span class="method-list-title failed">Failed methods</span>
                    <span class="show-or-hide-methods failed">
                      <a href="#" panel-name="suite-Default_suite" class="hide-methods failed suite-Default_suite"> (hide)</a> <!-- hide-methods failed suite-Default_suite -->
                      <a href="#" panel-name="suite-Default_suite" class="show-methods failed suite-Default_suite"> (show)</a> <!-- show-methods failed suite-Default_suite -->
                    </span>
                    <div class="method-list-content failed suite-Default_suite">
                      <span>
                        <img src="failed.png" width="3%"/>
                        <a href="#" panel-name="suite-Default_suite" title="test.TestUserCRUD" class="method navigator-link" hash-for-method="testCreateNewUser">testCreateNewUser</a> <!-- method navigator-link -->
                      </span>
                      <br/>
                      <span>
                        <img src="failed.png" width="3%"/>
                        <a href="#" panel-name="suite-Default_suite" title="test.TestUserCRUD" class="method navigator-link" hash-for-method="testDeleteUser">testDeleteUser</a> <!-- method navigator-link -->
                      </span>
                      <br/>
                      <span>
                        <img src="failed.png" width="3%"/>
                        <a href="#" panel-name="suite-Default_suite" title="test.TestUserCRUD" class="method navigator-link" hash-for-method="testUpdateExistingUser">testUpdateExistingUser</a> <!-- method navigator-link -->
                      </span>
                      <br/>
                    </div> <!-- method-list-content failed suite-Default_suite -->
                  </li>
                </ul>
              </div> <!-- suite-section-content -->
            </div> <!-- result-section -->
          </div> <!-- navigator-suite-content -->
        </div> <!-- rounded-window -->
      </div> <!-- suite -->
    </div> <!-- navigator-root -->
    <div class="wrapper">
      <div class="main-panel-root">
        <div panel-name="suite-Default_suite" class="panel Default_suite">
          <div class="suite-Default_suite-class-failed">
            <div class="main-panel-header rounded-window-top">
              <img src="failed.png"/>
              <span class="class-name">test.TestUserCRUD</span>
            </div> <!-- main-panel-header rounded-window-top -->
            <div class="main-panel-content rounded-window-bottom">
              <div class="method">
                <div class="method-content">
                  <a name="testCreateNewUser">
                  </a> <!-- testCreateNewUser -->
                  <span class="method-name">testCreateNewUser</span>
                  <div class="stack-trace">org.openqa.selenium.TimeoutException: Expected condition failed: waiting for visibility of element located by By.xpath: //div[contains(@class, &apos;alert&apos;) and contains(@class, &apos;success&apos;)] (tried for 10 second(s) with 500 milliseconds interval)
Build info: version: &apos;4.38.0&apos;, revision: &apos;6b412e825c*&apos;
System info: os.name: &apos;Windows 11&apos;, os.arch: &apos;amd64&apos;, os.version: &apos;10.0&apos;, java.version: &apos;21.0.8&apos;
Driver info: org.openqa.selenium.chrome.ChromeDriver
Capabilities {acceptInsecureCerts: false, browserName: chrome, browserVersion: 142.0.7444.176, chrome: {chromedriverVersion: 142.0.7444.175 (302067f14a4..., userDataDir: C:\Users\ADMIN\AppData\Loca...}, fedcm:accounts: true, goog:chromeOptions: {debuggerAddress: localhost:56723}, goog:processID: 19620, networkConnectionEnabled: false, pageLoadStrategy: normal, platformName: windows, proxy: Proxy(), se:cdp: ws://localhost:56723/devtoo..., se:cdpVersion: 142.0.7444.176, setWindowRect: true, strictFileInteractability: false, timeouts: {implicit: 0, pageLoad: 300000, script: 30000}, unhandledPromptBehavior: dismiss and notify, webauthn:extension:credBlob: true, webauthn:extension:largeBlob: true, webauthn:extension:minPinLength: true, webauthn:extension:prf: true, webauthn:virtualAuthenticators: true}
Session ID: 0102f77c380e97731a06525afb66b8dc
	at org.openqa.selenium.support.ui.WebDriverWait.timeoutException(WebDriverWait.java:84)
	at org.openqa.selenium.support.ui.FluentWait.until(FluentWait.java:228)
	at test.TestUserCRUD.testCreateNewUser(TestUserCRUD.java:168)
	at java.base/jdk.internal.reflect.DirectMethodHandleAccessor.invoke(DirectMethodHandleAccessor.java:103)
	at java.base/java.lang.reflect.Method.invoke(Method.java:580)
	at org.testng.internal.invokers.MethodInvocationHelper.invokeMethod(MethodInvocationHelper.java:139)
	at org.testng.internal.invokers.TestInvoker.invokeMethod(TestInvoker.java:664)
	at org.testng.internal.invokers.TestInvoker.invokeTestMethod(TestInvoker.java:227)
	at org.testng.internal.invokers.MethodRunner.runInSequence(MethodRunner.java:50)
	at org.testng.internal.invokers.TestInvoker$MethodInvocationAgent.invoke(TestInvoker.java:957)
	at org.testng.internal.invokers.TestInvoker.invokeTestMethods(TestInvoker.java:200)
	at org.testng.internal.invokers.TestMethodWorker.invokeTestMethods(TestMethodWorker.java:148)
	at org.testng.internal.invokers.TestMethodWorker.run(TestMethodWorker.java:128)
	at java.base/java.util.ArrayList.forEach(ArrayList.java:1596)
	at org.testng.TestRunner.privateRun(TestRunner.java:848)
	at org.testng.TestRunner.run(TestRunner.java:621)
	at org.testng.SuiteRunner.runTest(SuiteRunner.java:443)
	at org.testng.SuiteRunner.runSequentially(SuiteRunner.java:437)
	at org.testng.SuiteRunner.privateRun(SuiteRunner.java:397)
	at org.testng.SuiteRunner.run(SuiteRunner.java:336)
	at org.testng.SuiteRunnerWorker.runSuite(SuiteRunnerWorker.java:52)
	at org.testng.SuiteRunnerWorker.run(SuiteRunnerWorker.java:95)
	at org.testng.TestNG.runSuitesSequentially(TestNG.java:1280)
	at org.testng.TestNG.runSuitesLocally(TestNG.java:1200)
	at org.testng.TestNG.runSuites(TestNG.java:1114)
	at org.testng.TestNG.run(TestNG.java:1082)
	at org.testng.remote.AbstractRemoteTestNG.run(AbstractRemoteTestNG.java:115)
	at org.testng.remote.RemoteTestNG.initAndRun(RemoteTestNG.java:293)
	at org.testng.remote.RemoteTestNG.main(RemoteTestNG.java:91)

</div> <!-- stack-trace -->
                  <em>
(1. Kiểm tra Tạo mới Người dùng (Insert))                  </em>
                </div> <!-- method-content -->
              </div> <!-- method -->
              <div class="method">
                <div class="method-content">
                  <a name="testDeleteUser">
                  </a> <!-- testDeleteUser -->
                  <span class="method-name">testDeleteUser</span>
                  <div class="stack-trace">java.lang.AssertionError: Không tìm thấy người dùng để Xóa. expected object to not be null
	at org.testng.Assert.fail(Assert.java:111)
	at org.testng.Assert.assertNotNull(Assert.java:1484)
	at test.TestUserCRUD.testDeleteUser(TestUserCRUD.java:241)
	at java.base/jdk.internal.reflect.DirectMethodHandleAccessor.invoke(DirectMethodHandleAccessor.java:103)
	at java.base/java.lang.reflect.Method.invoke(Method.java:580)
	at org.testng.internal.invokers.MethodInvocationHelper.invokeMethod(MethodInvocationHelper.java:139)
	at org.testng.internal.invokers.TestInvoker.invokeMethod(TestInvoker.java:664)
	at org.testng.internal.invokers.TestInvoker.invokeTestMethod(TestInvoker.java:227)
	at org.testng.internal.invokers.MethodRunner.runInSequence(MethodRunner.java:50)
	at org.testng.internal.invokers.TestInvoker$MethodInvocationAgent.invoke(TestInvoker.java:957)
	at org.testng.internal.invokers.TestInvoker.invokeTestMethods(TestInvoker.java:200)
	at org.testng.internal.invokers.TestMethodWorker.invokeTestMethods(TestMethodWorker.java:148)
	at org.testng.internal.invokers.TestMethodWorker.run(TestMethodWorker.java:128)
	at java.base/java.util.ArrayList.forEach(ArrayList.java:1596)
	at org.testng.TestRunner.privateRun(TestRunner.java:848)
	at org.testng.TestRunner.run(TestRunner.java:621)
	at org.testng.SuiteRunner.runTest(SuiteRunner.java:443)
	at org.testng.SuiteRunner.runSequentially(SuiteRunner.java:437)
	at org.testng.SuiteRunner.privateRun(SuiteRunner.java:397)
	at org.testng.SuiteRunner.run(SuiteRunner.java:336)
	at org.testng.SuiteRunnerWorker.runSuite(SuiteRunnerWorker.java:52)
	at org.testng.SuiteRunnerWorker.run(SuiteRunnerWorker.java:95)
	at org.testng.TestNG.runSuitesSequentially(TestNG.java:1280)
	at org.testng.TestNG.runSuitesLocally(TestNG.java:1200)
	at org.testng.TestNG.runSuites(TestNG.java:1114)
	at org.testng.TestNG.run(TestNG.java:1082)
	at org.testng.remote.AbstractRemoteTestNG.run(AbstractRemoteTestNG.java:115)
	at org.testng.remote.RemoteTestNG.initAndRun(RemoteTestNG.java:293)
	at org.testng.remote.RemoteTestNG.main(RemoteTestNG.java:91)

</div> <!-- stack-trace -->
                  <em>
(3. Kiểm tra Xóa Người dùng (Delete))                  </em>
                </div> <!-- method-content -->
              </div> <!-- method -->
              <div class="method">
                <div class="method-content">
                  <a name="testUpdateExistingUser">
                  </a> <!-- testUpdateExistingUser -->
                  <span class="method-name">testUpdateExistingUser</span>
                  <div class="stack-trace">java.lang.AssertionError: Không tìm thấy người dùng để Cập nhật. expected object to not be null
	at org.testng.Assert.fail(Assert.java:111)
	at org.testng.Assert.assertNotNull(Assert.java:1484)
	at test.TestUserCRUD.testUpdateExistingUser(TestUserCRUD.java:191)
	at java.base/jdk.internal.reflect.DirectMethodHandleAccessor.invoke(DirectMethodHandleAccessor.java:103)
	at java.base/java.lang.reflect.Method.invoke(Method.java:580)
	at org.testng.internal.invokers.MethodInvocationHelper.invokeMethod(MethodInvocationHelper.java:139)
	at org.testng.internal.invokers.TestInvoker.invokeMethod(TestInvoker.java:664)
	at org.testng.internal.invokers.TestInvoker.invokeTestMethod(TestInvoker.java:227)
	at org.testng.internal.invokers.MethodRunner.runInSequence(MethodRunner.java:50)
	at org.testng.internal.invokers.TestInvoker$MethodInvocationAgent.invoke(TestInvoker.java:957)
	at org.testng.internal.invokers.TestInvoker.invokeTestMethods(TestInvoker.java:200)
	at org.testng.internal.invokers.TestMethodWorker.invokeTestMethods(TestMethodWorker.java:148)
	at org.testng.internal.invokers.TestMethodWorker.run(TestMethodWorker.java:128)
	at java.base/java.util.ArrayList.forEach(ArrayList.java:1596)
	at org.testng.TestRunner.privateRun(TestRunner.java:848)
	at org.testng.TestRunner.run(TestRunner.java:621)
	at org.testng.SuiteRunner.runTest(SuiteRunner.java:443)
	at org.testng.SuiteRunner.runSequentially(SuiteRunner.java:437)
	at org.testng.SuiteRunner.privateRun(SuiteRunner.java:397)
	at org.testng.SuiteRunner.run(SuiteRunner.java:336)
	at org.testng.SuiteRunnerWorker.runSuite(SuiteRunnerWorker.java:52)
	at org.testng.SuiteRunnerWorker.run(SuiteRunnerWorker.java:95)
	at org.testng.TestNG.runSuitesSequentially(TestNG.java:1280)
	at org.testng.TestNG.runSuitesLocally(TestNG.java:1200)
	at org.testng.TestNG.runSuites(TestNG.java:1114)
	at org.testng.TestNG.run(TestNG.java:1082)
	at org.testng.remote.AbstractRemoteTestNG.run(AbstractRemoteTestNG.java:115)
	at org.testng.remote.RemoteTestNG.initAndRun(RemoteTestNG.java:293)
	at org.testng.remote.RemoteTestNG.main(RemoteTestNG.java:91)

</div> <!-- stack-trace -->
                  <em>
(2. Kiểm tra Cập nhật Người dùng (Update))                  </em>
                </div> <!-- method-content -->
              </div> <!-- method -->
            </div> <!-- main-panel-content rounded-window-bottom -->
          </div> <!-- suite-Default_suite-class-failed -->
        </div> <!-- panel Default_suite -->
        <div panel-name="test-xml-Default_suite" class="panel">
          <div class="main-panel-header rounded-window-top">
            <span class="header-content">C:\Users\ADMIN\AppData\Local\Temp\testng-eclipse--252445301\testng-customsuite.xml</span>
          </div> <!-- main-panel-header rounded-window-top -->
          <div class="main-panel-content rounded-window-bottom">
            <pre>
&lt;?xml version=&quot;1.0&quot; encoding=&quot;UTF-8&quot;?&gt;
&lt;!DOCTYPE suite SYSTEM &quot;https://testng.org/testng-1.0.dtd&quot;&gt;
&lt;suite name=&quot;Default suite&quot; guice-stage=&quot;DEVELOPMENT&quot;&gt;
  &lt;test thread-count=&quot;5&quot; name=&quot;Default test&quot; verbose=&quot;2&quot;&gt;
    &lt;classes&gt;
      &lt;class name=&quot;test.TestUserCRUD&quot;/&gt;
    &lt;/classes&gt;
  &lt;/test&gt; &lt;!-- Default test --&gt;
&lt;/suite&gt; &lt;!-- Default suite --&gt;
            </pre>
          </div> <!-- main-panel-content rounded-window-bottom -->
        </div> <!-- panel -->
        <div panel-name="testlist-Default_suite" class="panel">
          <div class="main-panel-header rounded-window-top">
            <span class="header-content">Tests for Default suite</span>
          </div> <!-- main-panel-header rounded-window-top -->
          <div class="main-panel-content rounded-window-bottom">
            <ul>
              <li>
                <span class="test-name">Default test (1 class)</span>
              </li>
            </ul>
          </div> <!-- main-panel-content rounded-window-bottom -->
        </div> <!-- panel -->
        <div panel-name="group-Default_suite" class="panel">
          <div class="main-panel-header rounded-window-top">
            <span class="header-content">Groups for Default suite</span>
          </div> <!-- main-panel-header rounded-window-top -->
          <div class="main-panel-content rounded-window-bottom">
          </div> <!-- main-panel-content rounded-window-bottom -->
        </div> <!-- panel -->
        <div panel-name="times-Default_suite" class="panel">
          <div class="main-panel-header rounded-window-top">
            <span class="header-content">Times for Default suite</span>
          </div> <!-- main-panel-header rounded-window-top -->
          <div class="main-panel-content rounded-window-bottom">
            <div class="times-div">
              <script type="text/javascript">
suiteTableInitFunctions.push('tableData_Default_suite');
function tableData_Default_suite() {
var data = new google.visualization.DataTable();
data.addColumn('number', 'Number');
data.addColumn('string', 'Method');
data.addColumn('string', 'Class');
data.addColumn('number', 'Time (ms)');
data.addRows(3);
data.setCell(0, 0, 0)
data.setCell(0, 1, 'testCreateNewUser')
data.setCell(0, 2, 'test.TestUserCRUD')
data.setCell(0, 3, 11566);
data.setCell(1, 0, 1)
data.setCell(1, 1, 'testUpdateExistingUser')
data.setCell(1, 2, 'test.TestUserCRUD')
data.setCell(1, 3, 1039);
data.setCell(2, 0, 2)
data.setCell(2, 1, 'testDeleteUser')
data.setCell(2, 2, 'test.TestUserCRUD')
data.setCell(2, 3, 570);
window.suiteTableData['Default_suite']= { tableData: data, tableDiv: 'times-div-Default_suite'}
return data;
}
              </script>
              <span class="suite-total-time">Total running time: 13 seconds</span>
              <div id="times-div-Default_suite">
              </div> <!-- times-div-Default_suite -->
            </div> <!-- times-div -->
          </div> <!-- main-panel-content rounded-window-bottom -->
        </div> <!-- panel -->
        <div panel-name="reporter-Default_suite" class="panel">
          <div class="main-panel-header rounded-window-top">
            <span class="header-content">Reporter output for Default suite</span>
          </div> <!-- main-panel-header rounded-window-top -->
          <div class="main-panel-content rounded-window-bottom">
          </div> <!-- main-panel-content rounded-window-bottom -->
        </div> <!-- panel -->
        <div panel-name="ignored-methods-Default_suite" class="panel">
          <div class="main-panel-header rounded-window-top">
            <span class="header-content">0 ignored methods</span>
          </div> <!-- main-panel-header rounded-window-top -->
          <div class="main-panel-content rounded-window-bottom">
          </div> <!-- main-panel-content rounded-window-bottom -->
        </div> <!-- panel -->
        <div panel-name="chronological-Default_suite" class="panel">
          <div class="main-panel-header rounded-window-top">
            <span class="header-content">Methods in chronological order</span>
          </div> <!-- main-panel-header rounded-window-top -->
          <div class="main-panel-content rounded-window-bottom">
            <div class="chronological-class">
              <div class="chronological-class-name">test.TestUserCRUD</div> <!-- chronological-class-name -->
              <div class="configuration-class before">
                <span class="method-name">setup</span>
                <span class="method-start">0 ms</span>
              </div> <!-- configuration-class before -->
              <div class="test-method">
                <img src="failed.png">
                </img>
                <span class="method-name">testCreateNewUser</span>
                <span class="method-start">5025 ms</span>
              </div> <!-- test-method -->
              <div class="test-method">
                <img src="failed.png">
                </img>
                <span class="method-name">testUpdateExistingUser</span>
                <span class="method-start">16695 ms</span>
              </div> <!-- test-method -->
              <div class="test-method">
                <img src="failed.png">
                </img>
                <span class="method-name">testDeleteUser</span>
                <span class="method-start">17741 ms</span>
              </div> <!-- test-method -->
              <div class="configuration-class after">
                <span class="method-name">tearDown</span>
                <span class="method-start">18311 ms</span>
              </div> <!-- configuration-class after -->
          </div> <!-- main-panel-content rounded-window-bottom -->
        </div> <!-- panel -->
      </div> <!-- main-panel-root -->
    </div> <!-- wrapper -->
  </body>
<script type="text/javascript" src="testng-reports2.js"></script>
</html>
